<?xml version="1.0" encoding="UTF-8"?>
<testng-results skipped="0" failed="0" total="1" passed="1">
  <reporter-output>
  </reporter-output>
  <suite name="TestNGDemo" duration-ms="1958" started-at="2021-06-03T03:21:52Z" finished-at="2021-06-03T03:21:54Z">
    <groups>
    </groups>
    <test name="TestNG tests" duration-ms="1958" started-at="2021-06-03T03:21:52Z" finished-at="2021-06-03T03:21:54Z">
      <class name="com.hieutkse.testngdemo.LoginTest">
        <test-method status="PASS" signature="verifyIndexpageTitle()[pri:0, instance:com.hieutkse.testngdemo.LoginTest@12bc6874]" name="verifyIndexpageTitle" duration-ms="1951" started-at="2021-06-03T10:21:52Z" finished-at="2021-06-03T10:21:54Z">
          <reporter-output>
          </reporter-output>
        </test-method> <!-- verifyIndexpageTitle -->
      </class> <!-- com.hieutkse.testngdemo.LoginTest -->
    </test> <!-- TestNG tests -->
  </suite> <!-- TestNGDemo -->
</testng-results>
